\BOOKMARK [1][-]{section.1}{Introduction}{}% 1
\BOOKMARK [1][-]{section.2}{Groups}{}% 2
\BOOKMARK [2][-]{subsection.2.1}{Semigroup and * `mulG}{section.2}% 3
\BOOKMARK [3][-]{subsubsection.2.1.1}{MapPreservesMultiplication}{subsection.2.1}% 4
\BOOKMARK [3][-]{subsubsection.2.1.2}{`39`42`"613A``45`47`"603Ahomsg `HomSemigroup}{subsection.2.1}% 5
\BOOKMARK [2][-]{subsection.2.2}{Monoid and 1 `oneG}{section.2}% 6
\BOOKMARK [3][-]{subsubsection.2.2.1}{`39`42`"613A``45`47`"603Aassg `MonoidSemigroup}{subsection.2.2}% 7
\BOOKMARK [3][-]{subsubsection.2.2.2}{MapPreservesIdentity}{subsection.2.2}% 8
\BOOKMARK [3][-]{subsubsection.2.2.3}{`39`42`"613A``45`47`"603Ahommon `HomMonoid}{subsection.2.2}% 9
\BOOKMARK [2][-]{subsection.2.3}{Group and -1 `invG}{section.2}% 10
\BOOKMARK [3][-]{subsubsection.2.3.1}{`39`42`"613A``45`47`"603Aasmon `GroupMonoid}{subsection.2.3}% 11
\BOOKMARK [3][-]{subsubsection.2.3.2}{MapPreservesInverse}{subsection.2.3}% 12
\BOOKMARK [3][-]{subsubsection.2.3.3}{`39`42`"613A``45`47`"603Ahomgrp `HomGroup}{subsection.2.3}% 13
\BOOKMARK [2][-]{subsection.2.4}{AbelianGroup}{section.2}% 14
\BOOKMARK [1][-]{section.3}{Real Numbers}{}% 15
\BOOKMARK [2][-]{subsection.3.1}{R `RR}{section.3}% 16
\BOOKMARK [2][-]{subsection.3.2}{+ `addR, 0 `zeroR, `39`42`"613A``45`47`"603A- `negR, and - `subR}{section.3}% 17
\BOOKMARK [2][-]{subsection.3.3}{R* `Rnz}{section.3}% 18
\BOOKMARK [2][-]{subsection.3.4}{* `mulR}{section.3}% 19
\BOOKMARK [2][-]{subsection.3.5}{* `mulRnz, 1 `oneR, -1 `invRnz, and / `divR}{section.3}% 20
\BOOKMARK [1][-]{section.4}{Real Vector Spaces}{}% 21
\BOOKMARK [2][-]{subsection.4.1}{+ `addV, 0 `zeroV, `39`42`"613A``45`47`"603A- `negV, and * `mulS}{section.4}% 22
\BOOKMARK [2][-]{subsection.4.2}{Linear Transformations}{section.4}% 23
